2024-03-21 16:34:38,310 - root - INFO - Cleaning start, Batch_id:2016

2024-03-21 16:34:49,602 - root - INFO - Caught an unexpected exception: 'NoneType' object has no attribute 'group',

2024-03-21 16:37:28,406 - root - INFO - Cleaning start, Batch_id:2016

2024-03-21 16:37:40,381 - root - INFO - WS_2016 CLeaning Completed. Time-Consuming: 00:00:12.

2024-03-21 16:55:44,283 - root - INFO - Cleaning start, Batch_id:2016

2024-03-21 16:55:56,188 - root - INFO - WS_2016 CLeaning Completed. Time-Consuming: 00:00:12.

2024-03-21 16:57:05,285 - root - INFO - Cleaning start, Batch_id:2016

2024-03-21 16:57:14,316 - root - INFO - WS_2016 CLeaning Completed. Time-Consuming: 00:00:09.

2024-03-21 16:59:00,065 - root - INFO - Cleaning start, Batch_id:2016

2024-03-21 16:59:09,042 - root - INFO - WS_2016 CLeaning Completed. Time-Consuming: 00:00:09.

2024-03-21 17:04:42,520 - root - INFO - Cleaning start, Batch_id:2016

2024-03-21 17:04:52,374 - root - INFO - WS_2016 CLeaning Completed. Time-Consuming: 00:00:10.

2024-03-21 17:47:45,831 - root - INFO - Cleaning start, Batch_id:2016

2024-03-21 17:47:53,405 - root - INFO - WS_2016 CLeaning Completed. Time-Consuming: 00:00:08.

2024-03-22 18:21:27,531 - root - INFO - Cleaning start, Batch_id:2016

2024-03-22 18:21:28,248 - root - INFO - Caught an unexpected exception: 'list' object has no attribute 'split',

2024-03-22 18:22:29,281 - root - INFO - Cleaning start, Batch_id:2016

2024-03-22 18:22:29,860 - root - INFO - Caught an unexpected exception: "None of [Index([nan, nan, nan, nan, nan, nan, nan, nan, nan, nan, nan, nan, nan, nan,\n       nan, nan, nan, nan, nan, nan, nan, nan, nan, nan, nan, nan, nan, nan,\n       nan, nan, nan, nan, nan, nan, nan, nan, nan, nan, nan, nan, nan, nan,\n       nan, nan, nan, nan, nan, nan, nan, nan, nan, nan, nan, nan, nan, nan,\n       nan, nan, nan, nan, nan, nan, nan, nan, nan, nan, nan, nan, nan, nan,\n       nan, nan, nan, nan, nan, nan, nan, nan, nan, nan, nan, nan, nan, nan,\n       nan, nan, nan, nan, nan, nan, nan, nan, nan, nan, nan, nan, nan, nan,\n       nan, nan],\n      dtype='float64')] are in the [columns]",

2024-03-22 18:23:30,028 - root - INFO - Cleaning start, Batch_id:2016

2024-03-22 18:23:30,566 - root - INFO - Caught an unexpected exception: "None of [Index([nan, nan, nan, nan, nan, nan, nan, nan, nan, nan, nan, nan, nan, nan,\n       nan, nan, nan, nan, nan, nan, nan, nan, nan, nan, nan, nan, nan, nan,\n       nan, nan, nan, nan, nan, nan, nan, nan, nan, nan, nan, nan, nan, nan,\n       nan, nan, nan, nan, nan, nan, nan, nan, nan, nan, nan, nan, nan, nan,\n       nan, nan, nan, nan, nan, nan, nan, nan, nan, nan, nan, nan, nan, nan,\n       nan, nan, nan, nan, nan, nan, nan, nan, nan, nan, nan, nan, nan, nan,\n       nan, nan, nan, nan, nan, nan, nan, nan, nan, nan, nan, nan, nan, nan,\n       nan, nan],\n      dtype='float64')] are in the [columns]",

2024-03-22 18:25:59,670 - root - INFO - Cleaning start, Batch_id:2016

2024-03-22 18:26:00,248 - root - INFO - Caught an unexpected exception: "None of [Index([nan, nan, nan, nan, nan, nan, nan, nan, nan, nan, nan, nan, nan, nan,\n       nan, nan, nan, nan, nan, nan, nan, nan, nan, nan, nan, nan, nan, nan,\n       nan, nan, nan, nan, nan, nan, nan, nan, nan, nan, nan, nan, nan, nan,\n       nan, nan, nan, nan, nan, nan, nan, nan, nan, nan, nan, nan, nan, nan,\n       nan, nan, nan, nan, nan, nan, nan, nan, nan, nan, nan, nan, nan, nan,\n       nan, nan, nan, nan, nan, nan, nan, nan, nan, nan, nan, nan, nan, nan,\n       nan, nan, nan, nan, nan, nan, nan, nan, nan, nan, nan, nan, nan, nan,\n       nan, nan],\n      dtype='float64')] are in the [columns]",

2024-03-22 18:26:59,948 - root - INFO - Cleaning start, Batch_id:2016

2024-03-22 18:27:00,536 - root - INFO - Caught an unexpected exception: "None of [Index([nan, nan, nan, nan, nan, nan, nan, nan, nan, nan, nan, nan, nan, nan,\n       nan, nan, nan, nan, nan, nan, nan, nan, nan, nan, nan, nan, nan, nan,\n       nan, nan, nan, nan, nan, nan, nan, nan, nan, nan, nan, nan, nan, nan,\n       nan, nan, nan, nan, nan, nan, nan, nan, nan, nan, nan, nan, nan, nan,\n       nan, nan, nan, nan, nan, nan, nan, nan, nan, nan, nan, nan, nan, nan,\n       nan, nan, nan, nan, nan, nan, nan, nan, nan, nan, nan, nan, nan, nan,\n       nan, nan, nan, nan, nan, nan, nan, nan, nan, nan, nan, nan, nan, nan,\n       nan, nan],\n      dtype='float64')] are in the [columns]",

2024-03-22 18:27:17,729 - root - INFO - Cleaning start, Batch_id:2016

2024-03-22 18:27:18,296 - root - INFO - Caught an unexpected exception: "None of [Index([nan, nan, nan, nan, nan, nan, nan, nan, nan, nan, nan, nan, nan, nan,\n       nan, nan, nan, nan, nan, nan, nan, nan, nan, nan, nan, nan, nan, nan,\n       nan, nan, nan, nan, nan, nan, nan, nan, nan, nan, nan, nan, nan, nan,\n       nan, nan, nan, nan, nan, nan, nan, nan, nan, nan, nan, nan, nan, nan,\n       nan, nan, nan, nan, nan, nan, nan, nan, nan, nan, nan, nan, nan, nan,\n       nan, nan, nan, nan, nan, nan, nan, nan, nan, nan, nan, nan, nan, nan,\n       nan, nan, nan, nan, nan, nan, nan, nan, nan, nan, nan, nan, nan, nan,\n       nan, nan],\n      dtype='float64')] are in the [columns]",

2024-03-22 18:28:48,482 - root - INFO - Cleaning start, Batch_id:2016

2024-03-22 18:28:49,075 - root - INFO - Caught an unexpected exception: "None of [Index([nan, nan, nan, nan, nan, nan, nan, nan, nan, nan, nan, nan, nan, nan,\n       nan, nan, nan, nan, nan, nan, nan, nan, nan, nan, nan, nan, nan, nan,\n       nan, nan, nan, nan, nan, nan, nan, nan, nan, nan, nan, nan, nan, nan,\n       nan, nan, nan, nan, nan, nan, nan, nan, nan, nan, nan, nan, nan, nan,\n       nan, nan, nan, nan, nan, nan, nan, nan, nan, nan, nan, nan, nan, nan,\n       nan, nan, nan, nan, nan, nan, nan, nan, nan, nan, nan, nan, nan, nan,\n       nan, nan, nan, nan, nan, nan, nan, nan, nan, nan, nan, nan, nan, nan,\n       nan, nan],\n      dtype='float64')] are in the [columns]",

2024-03-22 18:29:49,261 - root - INFO - Cleaning start, Batch_id:2016

2024-03-22 18:29:49,814 - root - INFO - Caught an unexpected exception: "None of [Index([nan, nan, nan, nan, nan, nan, nan, nan, nan, nan, nan, nan, nan, nan,\n       nan, nan, nan, nan, nan, nan, nan, nan, nan, nan, nan, nan, nan, nan,\n       nan, nan, nan, nan, nan, nan, nan, nan, nan, nan, nan, nan, nan, nan,\n       nan, nan, nan, nan, nan, nan, nan, nan, nan, nan, nan, nan, nan, nan,\n       nan, nan, nan, nan, nan, nan, nan, nan, nan, nan, nan, nan, nan, nan,\n       nan, nan, nan, nan, nan, nan, nan, nan, nan, nan, nan, nan, nan, nan,\n       nan, nan, nan, nan, nan, nan, nan, nan, nan, nan, nan, nan, nan, nan,\n       nan, nan],\n      dtype='float64')] are in the [columns]",

2024-03-22 18:31:40,059 - root - INFO - Cleaning start, Batch_id:2016

2024-03-22 18:31:40,579 - root - INFO - Caught an unexpected exception: "None of [Index([nan, nan, nan, nan, nan, nan, nan, nan, nan, nan, nan, nan, nan, nan,\n       nan, nan, nan, nan, nan, nan, nan, nan, nan, nan, nan, nan, nan, nan,\n       nan, nan, nan, nan, nan, nan, nan, nan, nan, nan, nan, nan, nan, nan,\n       nan, nan, nan, nan, nan, nan, nan, nan, nan, nan, nan, nan, nan, nan,\n       nan, nan, nan, nan, nan, nan, nan, nan, nan, nan, nan, nan, nan, nan,\n       nan, nan, nan, nan, nan, nan, nan, nan, nan, nan, nan, nan, nan, nan,\n       nan, nan, nan, nan, nan, nan, nan, nan, nan, nan, nan, nan, nan, nan,\n       nan, nan],\n      dtype='float64')] are in the [columns]",

2024-03-22 18:34:27,214 - root - INFO - Cleaning start, Batch_id:2016

2024-03-22 18:34:27,793 - root - INFO - Caught an unexpected exception: "None of [Index([nan, nan, nan, nan, nan, nan, nan, nan, nan, nan, nan, nan, nan, nan,\n       nan, nan, nan, nan, nan, nan, nan, nan, nan, nan, nan, nan, nan, nan,\n       nan, nan, nan, nan, nan, nan, nan, nan, nan, nan, nan, nan, nan, nan,\n       nan, nan, nan, nan, nan, nan, nan, nan, nan, nan, nan, nan, nan, nan,\n       nan, nan, nan, nan, nan, nan, nan, nan, nan, nan, nan, nan, nan, nan,\n       nan, nan, nan, nan, nan, nan, nan, nan, nan, nan, nan, nan, nan, nan,\n       nan, nan, nan, nan, nan, nan, nan, nan, nan, nan, nan, nan, nan, nan,\n       nan, nan],\n      dtype='float64')] are in the [columns]",

2024-03-22 18:35:47,842 - root - INFO - Cleaning start, Batch_id:2016

2024-03-22 18:35:48,406 - root - INFO - Caught an unexpected exception: "None of [Index([nan, nan, nan, nan, nan, nan, nan, nan, nan, nan, nan, nan, nan, nan,\n       nan, nan, nan, nan, nan, nan, nan, nan, nan, nan, nan, nan, nan, nan,\n       nan, nan, nan, nan, nan, nan, nan, nan, nan, nan, nan, nan, nan, nan,\n       nan, nan, nan, nan, nan, nan, nan, nan, nan, nan, nan, nan, nan, nan,\n       nan, nan, nan, nan, nan, nan, nan, nan, nan, nan, nan, nan, nan, nan,\n       nan, nan, nan, nan, nan, nan, nan, nan, nan, nan, nan, nan, nan, nan,\n       nan, nan, nan, nan, nan, nan, nan, nan, nan, nan, nan, nan, nan, nan,\n       nan, nan],\n      dtype='float64')] are in the [columns]",

2024-03-22 18:39:51,345 - root - INFO - Cleaning start, Batch_id:2016

2024-03-22 18:39:51,933 - root - INFO - Caught an unexpected exception: save_progress() missing 1 required positional argument: 'year',

2024-03-27 21:06:00,877 - root - INFO - Cleaning start, Batch_id:2016

2024-03-27 21:06:00,886 - root - INFO - WS_2016 CLeaning Completed. Time-Consuming: 00:00:00.

2024-03-27 21:06:19,007 - root - INFO - Cleaning start, Batch_id:2016

2024-03-27 21:08:56,325 - root - INFO - WS_2016 CLeaning Completed. Time-Consuming: 00:02:37.

2024-04-03 18:30:13,355 - root - INFO - Cleaning start, Batch_id:2016

2024-04-03 18:34:59,399 - root - INFO - 50 Batch Completed. Processing:100%.[ 00:04:46/00:04:46, 174.83it/s ]

2024-04-03 18:34:59,400 - root - INFO - WS_2016 CLeaning Completed. Time-Consuming: 00:04:46.

2024-04-03 20:13:16,297 - root - INFO - Cleaning start, Batch_id:2016

2024-04-03 20:13:21,508 - root - INFO - Caught an unexpected exception: "['Ô­ÎÄ'] not in index",

2024-04-03 20:15:02,532 - root - INFO - Cleaning start, Batch_id:2016

2024-04-03 20:15:08,090 - root - INFO - Caught an unexpected exception: expected string or bytes-like object, got 'float',

2024-04-03 20:16:33,261 - root - INFO - Cleaning start, Batch_id:2016

2024-04-03 20:18:47,222 - root - INFO - Cleaning start, Batch_id:2016

2024-04-03 20:19:40,775 - root - INFO - Network Error Occured: mongo.fqyai.cn:27017: [Errno 11001] getaddrinfo failed (configured timeouts: connectTimeoutMS: 20000.0ms),

2024-04-03 20:21:43,724 - root - INFO - Cleaning start, Batch_id:2016

2024-04-03 20:25:22,690 - root - INFO - 50 Batch Completed. Processing:100%.[ 00:03:39/00:03:39, 228.31it/s ]

2024-04-03 20:25:22,690 - root - INFO - WS_2016 CLeaning Completed. Time-Consuming: 00:03:39.

