2024-03-21 16:34:38,373 - root - INFO - Cleaning start, Batch_id:2022

2024-03-21 16:37:28,487 - root - INFO - Cleaning start, Batch_id:2022

2024-03-21 16:47:30,388 - root - INFO - WS_2022 CLeaning Completed. Time-Consuming: 00:10:02.

2024-03-21 16:55:44,348 - root - INFO - Cleaning start, Batch_id:2022

2024-03-21 16:57:05,392 - root - INFO - Cleaning start, Batch_id:2022

2024-03-21 16:59:00,095 - root - INFO - Cleaning start, Batch_id:2022

2024-03-21 17:04:42,608 - root - INFO - Cleaning start, Batch_id:2022

2024-03-21 17:47:45,927 - root - INFO - Cleaning start, Batch_id:2022

2024-03-21 17:47:52,072 - root - INFO - WS_2022 CLeaning Completed. Time-Consuming: 00:00:06.

2024-03-22 18:21:27,878 - root - INFO - Cleaning start, Batch_id:2022

2024-03-22 18:21:28,180 - root - INFO - Caught an unexpected exception: 'list' object has no attribute 'split',

2024-03-22 18:22:29,589 - root - INFO - Cleaning start, Batch_id:2022

2024-03-22 18:22:29,883 - root - INFO - Caught an unexpected exception: "None of [Index([nan, nan, nan, nan, nan, nan, nan, nan, nan, nan, nan, nan, nan, nan,\n       nan, nan, nan, nan, nan, nan, nan, nan, nan, nan, nan, nan, nan, nan,\n       nan, nan, nan, nan, nan, nan, nan, nan, nan, nan, nan, nan, nan, nan,\n       nan, nan, nan, nan, nan, nan, nan, nan, nan, nan, nan, nan, nan, nan,\n       nan, nan, nan, nan, nan, nan, nan, nan, nan, nan, nan, nan, nan, nan,\n       nan, nan, nan, nan, nan, nan, nan, nan, nan, nan, nan, nan, nan, nan,\n       nan, nan, nan, nan, nan, nan, nan, nan, nan, nan, nan, nan, nan, nan,\n       nan, nan],\n      dtype='float64')] are in the [columns]",

2024-03-22 18:23:30,155 - root - INFO - Cleaning start, Batch_id:2022

2024-03-22 18:23:30,429 - root - INFO - Caught an unexpected exception: "None of [Index([nan, nan, nan, nan, nan, nan, nan, nan, nan, nan, nan, nan, nan, nan,\n       nan, nan, nan, nan, nan, nan, nan, nan, nan, nan, nan, nan, nan, nan,\n       nan, nan, nan, nan, nan, nan, nan, nan, nan, nan, nan, nan, nan, nan,\n       nan, nan, nan, nan, nan, nan, nan, nan, nan, nan, nan, nan, nan, nan,\n       nan, nan, nan, nan, nan, nan, nan, nan, nan, nan, nan, nan, nan, nan,\n       nan, nan, nan, nan, nan, nan, nan, nan, nan, nan, nan, nan, nan, nan,\n       nan, nan, nan, nan, nan, nan, nan, nan, nan, nan, nan, nan, nan, nan,\n       nan, nan],\n      dtype='float64')] are in the [columns]",

2024-03-22 18:26:00,016 - root - INFO - Cleaning start, Batch_id:2022

2024-03-22 18:26:00,314 - root - INFO - Caught an unexpected exception: "None of [Index([nan, nan, nan, nan, nan, nan, nan, nan, nan, nan, nan, nan, nan, nan,\n       nan, nan, nan, nan, nan, nan, nan, nan, nan, nan, nan, nan, nan, nan,\n       nan, nan, nan, nan, nan, nan, nan, nan, nan, nan, nan, nan, nan, nan,\n       nan, nan, nan, nan, nan, nan, nan, nan, nan, nan, nan, nan, nan, nan,\n       nan, nan, nan, nan, nan, nan, nan, nan, nan, nan, nan, nan, nan, nan,\n       nan, nan, nan, nan, nan, nan, nan, nan, nan, nan, nan, nan, nan, nan,\n       nan, nan, nan, nan, nan, nan, nan, nan, nan, nan, nan, nan, nan, nan,\n       nan, nan],\n      dtype='float64')] are in the [columns]",

2024-03-22 18:27:00,090 - root - INFO - Cleaning start, Batch_id:2022

2024-03-22 18:27:00,417 - root - INFO - Caught an unexpected exception: "None of [Index([nan, nan, nan, nan, nan, nan, nan, nan, nan, nan, nan, nan, nan, nan,\n       nan, nan, nan, nan, nan, nan, nan, nan, nan, nan, nan, nan, nan, nan,\n       nan, nan, nan, nan, nan, nan, nan, nan, nan, nan, nan, nan, nan, nan,\n       nan, nan, nan, nan, nan, nan, nan, nan, nan, nan, nan, nan, nan, nan,\n       nan, nan, nan, nan, nan, nan, nan, nan, nan, nan, nan, nan, nan, nan,\n       nan, nan, nan, nan, nan, nan, nan, nan, nan, nan, nan, nan, nan, nan,\n       nan, nan, nan, nan, nan, nan, nan, nan, nan, nan, nan, nan, nan, nan,\n       nan, nan],\n      dtype='float64')] are in the [columns]",

2024-03-22 18:27:17,761 - root - INFO - Cleaning start, Batch_id:2022

2024-03-22 18:27:18,135 - root - INFO - Caught an unexpected exception: "None of [Index([nan, nan, nan, nan, nan, nan, nan, nan, nan, nan, nan, nan, nan, nan,\n       nan, nan, nan, nan, nan, nan, nan, nan, nan, nan, nan, nan, nan, nan,\n       nan, nan, nan, nan, nan, nan, nan, nan, nan, nan, nan, nan, nan, nan,\n       nan, nan, nan, nan, nan, nan, nan, nan, nan, nan, nan, nan, nan, nan,\n       nan, nan, nan, nan, nan, nan, nan, nan, nan, nan, nan, nan, nan, nan,\n       nan, nan, nan, nan, nan, nan, nan, nan, nan, nan, nan, nan, nan, nan,\n       nan, nan, nan, nan, nan, nan, nan, nan, nan, nan, nan, nan, nan, nan,\n       nan, nan],\n      dtype='float64')] are in the [columns]",

2024-03-22 18:28:48,714 - root - INFO - Cleaning start, Batch_id:2022

2024-03-22 18:28:49,060 - root - INFO - Caught an unexpected exception: "None of [Index([nan, nan, nan, nan, nan, nan, nan, nan, nan, nan, nan, nan, nan, nan,\n       nan, nan, nan, nan, nan, nan, nan, nan, nan, nan, nan, nan, nan, nan,\n       nan, nan, nan, nan, nan, nan, nan, nan, nan, nan, nan, nan, nan, nan,\n       nan, nan, nan, nan, nan, nan, nan, nan, nan, nan, nan, nan, nan, nan,\n       nan, nan, nan, nan, nan, nan, nan, nan, nan, nan, nan, nan, nan, nan,\n       nan, nan, nan, nan, nan, nan, nan, nan, nan, nan, nan, nan, nan, nan,\n       nan, nan, nan, nan, nan, nan, nan, nan, nan, nan, nan, nan, nan, nan,\n       nan, nan],\n      dtype='float64')] are in the [columns]",

2024-03-22 18:29:49,316 - root - INFO - Cleaning start, Batch_id:2022

2024-03-22 18:29:49,645 - root - INFO - Caught an unexpected exception: "None of [Index([nan, nan, nan, nan, nan, nan, nan, nan, nan, nan, nan, nan, nan, nan,\n       nan, nan, nan, nan, nan, nan, nan, nan, nan, nan, nan, nan, nan, nan,\n       nan, nan, nan, nan, nan, nan, nan, nan, nan, nan, nan, nan, nan, nan,\n       nan, nan, nan, nan, nan, nan, nan, nan, nan, nan, nan, nan, nan, nan,\n       nan, nan, nan, nan, nan, nan, nan, nan, nan, nan, nan, nan, nan, nan,\n       nan, nan, nan, nan, nan, nan, nan, nan, nan, nan, nan, nan, nan, nan,\n       nan, nan, nan, nan, nan, nan, nan, nan, nan, nan, nan, nan, nan, nan,\n       nan, nan],\n      dtype='float64')] are in the [columns]",

2024-03-22 18:31:40,312 - root - INFO - Cleaning start, Batch_id:2022

2024-03-22 18:31:40,585 - root - INFO - Caught an unexpected exception: "None of [Index([nan, nan, nan, nan, nan, nan, nan, nan, nan, nan, nan, nan, nan, nan,\n       nan, nan, nan, nan, nan, nan, nan, nan, nan, nan, nan, nan, nan, nan,\n       nan, nan, nan, nan, nan, nan, nan, nan, nan, nan, nan, nan, nan, nan,\n       nan, nan, nan, nan, nan, nan, nan, nan, nan, nan, nan, nan, nan, nan,\n       nan, nan, nan, nan, nan, nan, nan, nan, nan, nan, nan, nan, nan, nan,\n       nan, nan, nan, nan, nan, nan, nan, nan, nan, nan, nan, nan, nan, nan,\n       nan, nan, nan, nan, nan, nan, nan, nan, nan, nan, nan, nan, nan, nan,\n       nan, nan],\n      dtype='float64')] are in the [columns]",

2024-03-22 18:34:27,518 - root - INFO - Cleaning start, Batch_id:2022

2024-03-22 18:34:27,809 - root - INFO - Caught an unexpected exception: "None of [Index([nan, nan, nan, nan, nan, nan, nan, nan, nan, nan, nan, nan, nan, nan,\n       nan, nan, nan, nan, nan, nan, nan, nan, nan, nan, nan, nan, nan, nan,\n       nan, nan, nan, nan, nan, nan, nan, nan, nan, nan, nan, nan, nan, nan,\n       nan, nan, nan, nan, nan, nan, nan, nan, nan, nan, nan, nan, nan, nan,\n       nan, nan, nan, nan, nan, nan, nan, nan, nan, nan, nan, nan, nan, nan,\n       nan, nan, nan, nan, nan, nan, nan, nan, nan, nan, nan, nan, nan, nan,\n       nan, nan, nan, nan, nan, nan, nan, nan, nan, nan, nan, nan, nan, nan,\n       nan, nan],\n      dtype='float64')] are in the [columns]",

2024-03-22 18:35:47,893 - root - INFO - Cleaning start, Batch_id:2022

2024-03-22 18:35:48,254 - root - INFO - Caught an unexpected exception: "None of [Index([nan, nan, nan, nan, nan, nan, nan, nan, nan, nan, nan, nan, nan, nan,\n       nan, nan, nan, nan, nan, nan, nan, nan, nan, nan, nan, nan, nan, nan,\n       nan, nan, nan, nan, nan, nan, nan, nan, nan, nan, nan, nan, nan, nan,\n       nan, nan, nan, nan, nan, nan, nan, nan, nan, nan, nan, nan, nan, nan,\n       nan, nan, nan, nan, nan, nan, nan, nan, nan, nan, nan, nan, nan, nan,\n       nan, nan, nan, nan, nan, nan, nan, nan, nan, nan, nan, nan, nan, nan,\n       nan, nan, nan, nan, nan, nan, nan, nan, nan, nan, nan, nan, nan, nan,\n       nan, nan],\n      dtype='float64')] are in the [columns]",

2024-03-22 18:39:51,497 - root - INFO - Cleaning start, Batch_id:2022

2024-03-22 18:39:51,887 - root - INFO - Caught an unexpected exception: save_progress() missing 1 required positional argument: 'year',

2024-03-27 21:06:00,876 - root - INFO - Cleaning start, Batch_id:2022

2024-03-27 21:06:00,884 - root - INFO - WS_2022 CLeaning Completed. Time-Consuming: 00:00:00.

2024-03-27 21:06:19,152 - root - INFO - Cleaning start, Batch_id:2022

2024-03-27 21:08:26,791 - root - INFO - WS_2022 CLeaning Completed. Time-Consuming: 00:02:08.

2024-04-03 18:30:13,373 - root - INFO - Cleaning start, Batch_id:2022

2024-04-03 18:34:14,466 - root - INFO - 50 Batch Completed. Processing:100%.[ 00:04:01/00:04:01, 207.47it/s ]

2024-04-03 18:34:14,467 - root - INFO - WS_2022 CLeaning Completed. Time-Consuming: 00:04:01.

2024-04-03 20:13:16,297 - root - INFO - Cleaning start, Batch_id:2022

2024-04-03 20:13:20,312 - root - INFO - Caught an unexpected exception: "['Ô­ÎÄ'] not in index",

2024-04-03 20:15:02,763 - root - INFO - Cleaning start, Batch_id:2022

2024-04-03 20:15:10,805 - root - INFO - Caught an unexpected exception: expected string or bytes-like object, got 'float',

2024-04-03 20:16:33,400 - root - INFO - Cleaning start, Batch_id:2022

2024-04-03 20:18:47,286 - root - INFO - Cleaning start, Batch_id:2022

2024-04-03 20:19:40,775 - root - INFO - Network Error Occured: mongo.fqyai.cn:27017: [Errno 11001] getaddrinfo failed (configured timeouts: connectTimeoutMS: 20000.0ms),

2024-04-03 20:21:44,867 - root - INFO - Cleaning start, Batch_id:2022

2024-04-03 20:24:52,817 - root - INFO - 50 Batch Completed. Processing:100%.[ 00:03:08/00:03:08, 265.96it/s ]

2024-04-03 20:24:52,818 - root - INFO - WS_2022 CLeaning Completed. Time-Consuming: 00:03:08.

