2024-03-21 16:34:38,313 - root - INFO - Cleaning start, Batch_id:2020

2024-03-21 16:35:25,443 - root - INFO - WS_2020 CLeaning Completed. Time-Consuming: 00:00:47.

2024-03-21 16:37:28,373 - root - INFO - Cleaning start, Batch_id:2020

2024-03-21 16:37:35,069 - root - INFO - WS_2020 CLeaning Completed. Time-Consuming: 00:00:07.

2024-03-21 16:55:44,278 - root - INFO - Cleaning start, Batch_id:2020

2024-03-21 16:55:53,451 - root - INFO - WS_2020 CLeaning Completed. Time-Consuming: 00:00:09.

2024-03-21 16:57:05,298 - root - INFO - Cleaning start, Batch_id:2020

2024-03-21 16:57:12,101 - root - INFO - WS_2020 CLeaning Completed. Time-Consuming: 00:00:07.

2024-03-21 16:59:00,176 - root - INFO - Cleaning start, Batch_id:2020

2024-03-21 16:59:07,074 - root - INFO - WS_2020 CLeaning Completed. Time-Consuming: 00:00:07.

2024-03-21 17:04:42,531 - root - INFO - Cleaning start, Batch_id:2020

2024-03-21 17:04:50,023 - root - INFO - WS_2020 CLeaning Completed. Time-Consuming: 00:00:07.

2024-03-21 17:47:45,912 - root - INFO - Cleaning start, Batch_id:2020

2024-03-21 17:47:52,614 - root - INFO - WS_2020 CLeaning Completed. Time-Consuming: 00:00:07.

2024-03-22 18:21:27,920 - root - INFO - Cleaning start, Batch_id:2020

2024-03-22 18:21:28,197 - root - INFO - Caught an unexpected exception: 'list' object has no attribute 'split',

2024-03-22 18:22:29,546 - root - INFO - Cleaning start, Batch_id:2020

2024-03-22 18:22:29,850 - root - INFO - Caught an unexpected exception: "None of [Index([nan, nan, nan, nan, nan, nan, nan, nan, nan, nan, nan, nan, nan, nan,\n       nan, nan, nan, nan, nan, nan, nan, nan, nan, nan, nan, nan, nan, nan,\n       nan, nan, nan, nan, nan, nan, nan, nan, nan, nan, nan, nan, nan, nan,\n       nan, nan, nan, nan, nan, nan, nan, nan, nan, nan, nan, nan, nan, nan,\n       nan, nan, nan, nan, nan, nan, nan, nan, nan, nan, nan, nan, nan, nan,\n       nan, nan, nan, nan, nan, nan, nan, nan, nan, nan, nan, nan, nan, nan,\n       nan, nan, nan, nan, nan, nan, nan, nan, nan, nan, nan, nan, nan, nan,\n       nan, nan],\n      dtype='float64')] are in the [columns]",

2024-03-22 18:23:30,142 - root - INFO - Cleaning start, Batch_id:2020

2024-03-22 18:23:30,438 - root - INFO - Caught an unexpected exception: "None of [Index([nan, nan, nan, nan, nan, nan, nan, nan, nan, nan, nan, nan, nan, nan,\n       nan, nan, nan, nan, nan, nan, nan, nan, nan, nan, nan, nan, nan, nan,\n       nan, nan, nan, nan, nan, nan, nan, nan, nan, nan, nan, nan, nan, nan,\n       nan, nan, nan, nan, nan, nan, nan, nan, nan, nan, nan, nan, nan, nan,\n       nan, nan, nan, nan, nan, nan, nan, nan, nan, nan, nan, nan, nan, nan,\n       nan, nan, nan, nan, nan, nan, nan, nan, nan, nan, nan, nan, nan, nan,\n       nan, nan, nan, nan, nan, nan, nan, nan, nan, nan, nan, nan, nan, nan,\n       nan, nan],\n      dtype='float64')] are in the [columns]",

2024-03-22 18:25:59,766 - root - INFO - Cleaning start, Batch_id:2020

2024-03-22 18:26:00,087 - root - INFO - Caught an unexpected exception: "None of [Index([nan, nan, nan, nan, nan, nan, nan, nan, nan, nan, nan, nan, nan, nan,\n       nan, nan, nan, nan, nan, nan, nan, nan, nan, nan, nan, nan, nan, nan,\n       nan, nan, nan, nan, nan, nan, nan, nan, nan, nan, nan, nan, nan, nan,\n       nan, nan, nan, nan, nan, nan, nan, nan, nan, nan, nan, nan, nan, nan,\n       nan, nan, nan, nan, nan, nan, nan, nan, nan, nan, nan, nan, nan, nan,\n       nan, nan, nan, nan, nan, nan, nan, nan, nan, nan, nan, nan, nan, nan,\n       nan, nan, nan, nan, nan, nan, nan, nan, nan, nan, nan, nan, nan, nan,\n       nan, nan],\n      dtype='float64')] are in the [columns]",

2024-03-22 18:27:00,104 - root - INFO - Cleaning start, Batch_id:2020

2024-03-22 18:27:00,422 - root - INFO - Caught an unexpected exception: "None of [Index([nan, nan, nan, nan, nan, nan, nan, nan, nan, nan, nan, nan, nan, nan,\n       nan, nan, nan, nan, nan, nan, nan, nan, nan, nan, nan, nan, nan, nan,\n       nan, nan, nan, nan, nan, nan, nan, nan, nan, nan, nan, nan, nan, nan,\n       nan, nan, nan, nan, nan, nan, nan, nan, nan, nan, nan, nan, nan, nan,\n       nan, nan, nan, nan, nan, nan, nan, nan, nan, nan, nan, nan, nan, nan,\n       nan, nan, nan, nan, nan, nan, nan, nan, nan, nan, nan, nan, nan, nan,\n       nan, nan, nan, nan, nan, nan, nan, nan, nan, nan, nan, nan, nan, nan,\n       nan, nan],\n      dtype='float64')] are in the [columns]",

2024-03-22 18:27:17,725 - root - INFO - Cleaning start, Batch_id:2020

2024-03-22 18:27:18,077 - root - INFO - Caught an unexpected exception: "None of [Index([nan, nan, nan, nan, nan, nan, nan, nan, nan, nan, nan, nan, nan, nan,\n       nan, nan, nan, nan, nan, nan, nan, nan, nan, nan, nan, nan, nan, nan,\n       nan, nan, nan, nan, nan, nan, nan, nan, nan, nan, nan, nan, nan, nan,\n       nan, nan, nan, nan, nan, nan, nan, nan, nan, nan, nan, nan, nan, nan,\n       nan, nan, nan, nan, nan, nan, nan, nan, nan, nan, nan, nan, nan, nan,\n       nan, nan, nan, nan, nan, nan, nan, nan, nan, nan, nan, nan, nan, nan,\n       nan, nan, nan, nan, nan, nan, nan, nan, nan, nan, nan, nan, nan, nan,\n       nan, nan],\n      dtype='float64')] are in the [columns]",

2024-03-22 18:28:48,670 - root - INFO - Cleaning start, Batch_id:2020

2024-03-22 18:28:49,005 - root - INFO - Caught an unexpected exception: "None of [Index([nan, nan, nan, nan, nan, nan, nan, nan, nan, nan, nan, nan, nan, nan,\n       nan, nan, nan, nan, nan, nan, nan, nan, nan, nan, nan, nan, nan, nan,\n       nan, nan, nan, nan, nan, nan, nan, nan, nan, nan, nan, nan, nan, nan,\n       nan, nan, nan, nan, nan, nan, nan, nan, nan, nan, nan, nan, nan, nan,\n       nan, nan, nan, nan, nan, nan, nan, nan, nan, nan, nan, nan, nan, nan,\n       nan, nan, nan, nan, nan, nan, nan, nan, nan, nan, nan, nan, nan, nan,\n       nan, nan, nan, nan, nan, nan, nan, nan, nan, nan, nan, nan, nan, nan,\n       nan, nan],\n      dtype='float64')] are in the [columns]",

2024-03-22 18:29:49,312 - root - INFO - Cleaning start, Batch_id:2020

2024-03-22 18:29:49,656 - root - INFO - Caught an unexpected exception: "None of [Index([nan, nan, nan, nan, nan, nan, nan, nan, nan, nan, nan, nan, nan, nan,\n       nan, nan, nan, nan, nan, nan, nan, nan, nan, nan, nan, nan, nan, nan,\n       nan, nan, nan, nan, nan, nan, nan, nan, nan, nan, nan, nan, nan, nan,\n       nan, nan, nan, nan, nan, nan, nan, nan, nan, nan, nan, nan, nan, nan,\n       nan, nan, nan, nan, nan, nan, nan, nan, nan, nan, nan, nan, nan, nan,\n       nan, nan, nan, nan, nan, nan, nan, nan, nan, nan, nan, nan, nan, nan,\n       nan, nan, nan, nan, nan, nan, nan, nan, nan, nan, nan, nan, nan, nan,\n       nan, nan],\n      dtype='float64')] are in the [columns]",

2024-03-22 18:31:40,137 - root - INFO - Cleaning start, Batch_id:2020

2024-03-22 18:31:40,459 - root - INFO - Caught an unexpected exception: "None of [Index([nan, nan, nan, nan, nan, nan, nan, nan, nan, nan, nan, nan, nan, nan,\n       nan, nan, nan, nan, nan, nan, nan, nan, nan, nan, nan, nan, nan, nan,\n       nan, nan, nan, nan, nan, nan, nan, nan, nan, nan, nan, nan, nan, nan,\n       nan, nan, nan, nan, nan, nan, nan, nan, nan, nan, nan, nan, nan, nan,\n       nan, nan, nan, nan, nan, nan, nan, nan, nan, nan, nan, nan, nan, nan,\n       nan, nan, nan, nan, nan, nan, nan, nan, nan, nan, nan, nan, nan, nan,\n       nan, nan, nan, nan, nan, nan, nan, nan, nan, nan, nan, nan, nan, nan,\n       nan, nan],\n      dtype='float64')] are in the [columns]",

2024-03-22 18:34:27,315 - root - INFO - Cleaning start, Batch_id:2020

2024-03-22 18:34:27,648 - root - INFO - Caught an unexpected exception: "None of [Index([nan, nan, nan, nan, nan, nan, nan, nan, nan, nan, nan, nan, nan, nan,\n       nan, nan, nan, nan, nan, nan, nan, nan, nan, nan, nan, nan, nan, nan,\n       nan, nan, nan, nan, nan, nan, nan, nan, nan, nan, nan, nan, nan, nan,\n       nan, nan, nan, nan, nan, nan, nan, nan, nan, nan, nan, nan, nan, nan,\n       nan, nan, nan, nan, nan, nan, nan, nan, nan, nan, nan, nan, nan, nan,\n       nan, nan, nan, nan, nan, nan, nan, nan, nan, nan, nan, nan, nan, nan,\n       nan, nan, nan, nan, nan, nan, nan, nan, nan, nan, nan, nan, nan, nan,\n       nan, nan],\n      dtype='float64')] are in the [columns]",

2024-03-22 18:35:47,809 - root - INFO - Cleaning start, Batch_id:2020

2024-03-22 18:35:48,133 - root - INFO - Caught an unexpected exception: "None of [Index([nan, nan, nan, nan, nan, nan, nan, nan, nan, nan, nan, nan, nan, nan,\n       nan, nan, nan, nan, nan, nan, nan, nan, nan, nan, nan, nan, nan, nan,\n       nan, nan, nan, nan, nan, nan, nan, nan, nan, nan, nan, nan, nan, nan,\n       nan, nan, nan, nan, nan, nan, nan, nan, nan, nan, nan, nan, nan, nan,\n       nan, nan, nan, nan, nan, nan, nan, nan, nan, nan, nan, nan, nan, nan,\n       nan, nan, nan, nan, nan, nan, nan, nan, nan, nan, nan, nan, nan, nan,\n       nan, nan, nan, nan, nan, nan, nan, nan, nan, nan, nan, nan, nan, nan,\n       nan, nan],\n      dtype='float64')] are in the [columns]",

2024-03-22 18:39:51,494 - root - INFO - Cleaning start, Batch_id:2020

2024-03-22 18:39:51,879 - root - INFO - Caught an unexpected exception: save_progress() missing 1 required positional argument: 'year',

2024-03-27 21:06:00,877 - root - INFO - Cleaning start, Batch_id:2020

2024-03-27 21:06:00,887 - root - INFO - WS_2020 CLeaning Completed. Time-Consuming: 00:00:00.

2024-03-27 21:06:19,030 - root - INFO - Cleaning start, Batch_id:2020

2024-03-27 21:08:51,720 - root - INFO - WS_2020 CLeaning Completed. Time-Consuming: 00:02:33.

2024-04-03 18:30:13,357 - root - INFO - Cleaning start, Batch_id:2020

2024-04-03 18:34:07,814 - root - INFO - 50 Batch Completed. Processing:100%.[ 00:03:54/00:03:54, 213.68it/s ]

2024-04-03 18:34:07,815 - root - INFO - WS_2020 CLeaning Completed. Time-Consuming: 00:03:54.

2024-04-03 20:13:16,298 - root - INFO - Cleaning start, Batch_id:2020

2024-04-03 20:13:20,796 - root - INFO - Caught an unexpected exception: "['Ô­ÎÄ'] not in index",

2024-04-03 20:15:02,760 - root - INFO - Cleaning start, Batch_id:2020

2024-04-03 20:15:11,343 - root - INFO - Caught an unexpected exception: expected string or bytes-like object, got 'float',

2024-04-03 20:16:33,480 - root - INFO - Cleaning start, Batch_id:2020

2024-04-03 20:18:47,285 - root - INFO - Cleaning start, Batch_id:2020

2024-04-03 20:19:40,775 - root - INFO - Network Error Occured: mongo.fqyai.cn:27017: [Errno 11001] getaddrinfo failed (configured timeouts: connectTimeoutMS: 20000.0ms),

2024-04-03 20:21:44,158 - root - INFO - Cleaning start, Batch_id:2020

2024-04-03 20:24:45,118 - root - INFO - 50 Batch Completed. Processing:100%.[ 00:03:01/00:03:01, 276.24it/s ]

2024-04-03 20:24:45,119 - root - INFO - WS_2020 CLeaning Completed. Time-Consuming: 00:03:01.

